[backblue.gif]
[fade.gif]
[index.html]
[economy-simulator.net/index.html]
[economy-simulator.net/auth/home.html]
[cdn.jsdelivr.net/npm/bootstrap@5.1.3/dist/css/bootstrap.min.css]
[economy-simulator.net/UnsecuredContent/asylum.css]
[economy-simulator.net/auth/login.html]
[economy-simulator.net/auth/contact.html]
[economy-simulator.net/auth/discord.html]
[economy-simulator.net/auth/tos.html]
[economy-simulator.net/auth/privacy.html]
[economy-simulator.net/auth/account-deletion.html]
[economy-simulator.net/UnsecuredContent/ImageFive.webp]
[economy-simulator.net/UnsecuredContent/ImageOne.webp]
[economy-simulator.net/UnsecuredContent/ImageSix.webp]
[economy-simulator.net/auth/application.html]
[cdn.jsdelivr.net/npm/bootstrap@5.1.3/dist/js/bootstrap.bundle.min.js]
[economy-simulator.net/auth/home.html]
[cdn.jsdelivr.net/npm/bootstrap@5.1.3/dist/css/bootstrap.min.css]
[economy-simulator.net/UnsecuredContent/asylum.css]
[economy-simulator.net/cdn-cgi/scripts/7d0fa10a/cloudflare-static/rocket-loader.min.js]
[economy-simulator.net/auth/password-reset.html]
[economy-simulator.net/auth/login.html]
[js.hcaptcha.com/1/api.js]
[economy-simulator.net/cdn-cgi/l/email-protection.html]
[economy-simulator.net/auth/contact.html]
[economy-simulator.net/cdn-cgi/scripts/5c5dd728/cloudflare-static/email-decode.min.js]
[economy-simulator.net/auth/discord.html]
[economy-simulator.net/auth/tos.html]
[economy-simulator.net/auth/privacy.html]
[economy-simulator.net/auth/account-deletion.html]
[economy-simulator.net/auth/application.html]
[economy-simulator.net/auth/application-check.html]
[economy-simulator.net/auth/password-reset.html]
[economy-simulator.net/cdn-cgi/l/email-protection.html]
[economy-simulator.net/auth/application-check.html]
